<?xml version="1.0" encoding="UTF-8"?>
<!-- Generated by org.testng.reporters.JUnitXMLReporter -->
<testsuite ignored="0" hostname="sunflower" failures="4" tests="6" name="Surefire test" time="33.516" errors="0" timestamp="2024-12-29T21:18:28 EST">
  <testcase classname="haniehsadatiacademy.SeleniumFrameDesign.ErrorValidationsTest" name="LoginErrorValidation" time="1.291">
    <skipped/>
  </testcase> <!-- LoginErrorValidation -->
  <testcase classname="haniehsadatiacademy.SeleniumFrameDesign.ErrorValidationsTest" name="LoginErrorValidation" time="0.715">
    <failure type="java.lang.AssertionError" message="expected [Incorrect email or password.] but found [Incorrect email or password.,,,,]">
      <![CDATA[java.lang.AssertionError: expected [Incorrect email or password.] but found [Incorrect email or password.,,,,]
at haniehsadatiacademy.SeleniumFrameDesign.ErrorValidationsTest.LoginErrorValidation(ErrorValidationsTest.java:18)
at java.base/java.util.ArrayList.forEach(ArrayList.java:1596)
... Removed 36 stack frames]]>
    </failure>
  </testcase> <!-- LoginErrorValidation -->
  <testcase classname="haniehsadatiacademy.SeleniumFrameDesign.ErrorValidationsTest" name="ProductErrorValidation" time="1.145">
    <failure type="java.lang.NullPointerException" message="Cannot invoke &amp;quot;org.openqa.selenium.WebElement.findElement(org.openqa.selenium.By)&amp;quot; because &amp;quot;prod&amp;quot; is null">
      <![CDATA[java.lang.NullPointerException: Cannot invoke "org.openqa.selenium.WebElement.findElement(org.openqa.selenium.By)" because "prod" is null
at haniehsadatiacademy.pageObjects.ProductCatalog.addProductToCart(ProductCatalog.java:76)
at haniehsadatiacademy.SeleniumFrameDesign.ErrorValidationsTest.ProductErrorValidation(ErrorValidationsTest.java:31)
at java.base/java.util.ArrayList.forEach(ArrayList.java:1596)
... Removed 30 stack frames]]>
    </failure>
  </testcase> <!-- ProductErrorValidation -->
  <testcase classname="haniehsadatiacademy.SeleniumFrameDesign.SubmitOrderTestCase" name="SubmitOrder" time="1.628">
    <failure type="java.lang.NullPointerException" message="Cannot invoke &amp;quot;org.openqa.selenium.WebElement.findElement(org.openqa.selenium.By)&amp;quot; because &amp;quot;prod&amp;quot; is null">
      <![CDATA[java.lang.NullPointerException: Cannot invoke "org.openqa.selenium.WebElement.findElement(org.openqa.selenium.By)" because "prod" is null
at haniehsadatiacademy.pageObjects.ProductCatalog.addProductToCart(ProductCatalog.java:76)
at haniehsadatiacademy.SeleniumFrameDesign.SubmitOrderTestCase.SubmitOrder(SubmitOrderTestCase.java:28)
at java.base/java.util.ArrayList.forEach(ArrayList.java:1596)
... Removed 30 stack frames]]>
    </failure>
  </testcase> <!-- SubmitOrder -->
  <testcase classname="haniehsadatiacademy.SeleniumFrameDesign.SubmitOrderTestCase" name="OrderHistoryTest" time="0.0">
    <skipped/>
  </testcase> <!-- OrderHistoryTest -->
  <testcase classname="io.cucumber.testng.AbstractTestNGCucumberTests" name="runScenario" time="6.346">
    <failure type="java.lang.NullPointerException" message="Cannot invoke &amp;quot;org.openqa.selenium.WebElement.findElement(org.openqa.selenium.By)&amp;quot; because &amp;quot;prod&amp;quot; is null">
      <![CDATA[java.lang.NullPointerException: Cannot invoke "org.openqa.selenium.WebElement.findElement(org.openqa.selenium.By)" because "prod" is null
at haniehsadatiacademy.pageObjects.ProductCatalog.addProductToCart(ProductCatalog.java:76)
at stepDefinitions.StepDefinitionImplementation.I_add_productName_to_cart(StepDefinitionImplementation.java:39)
at âœ½.I add product "ZARA COAT 3" to Cart(file:///C:/eclipse-workspace/SeleniumFrameDesign/src/test/java/features/PurchaseOrder.feature:12)
]]>
    </failure>
  </testcase> <!-- runScenario -->
</testsuite> <!-- Surefire test -->
