<?xml version="1.0" encoding="UTF-8"?>
<!-- Generated by org.testng.reporters.JUnitXMLReporter -->
<testsuite ignored="4" hostname="DESKTOP-4LREKPR" failures="0" tests="2" name="Test" time="0.09" errors="0" timestamp="2024-12-09T16:10:05 EST">
  <testcase classname="testComponents.BaseTest" name="@BeforeMethod launchApplication" time="0.006">
    <failure type="java.io.FileNotFoundException" message="C:\eclipse-workspace\SeleniumFrameDesign\src\main\java\resources\GlobalData.properties (The system cannot find the path specified)">
      <![CDATA[java.io.FileNotFoundException: C:\eclipse-workspace\SeleniumFrameDesign\src\main\java\resources\GlobalData.properties (The system cannot find the path specified)
at java.base/java.io.FileInputStream.open0(Native Method)
at java.base/java.io.FileInputStream.open(FileInputStream.java:213)
at java.base/java.io.FileInputStream.<init>(FileInputStream.java:152)
at java.base/java.io.FileInputStream.<init>(FileInputStream.java:106)
at testComponents.BaseTest.initializeDriver(BaseTest.java:27)
at testComponents.BaseTest.launchApplication(BaseTest.java:60)
at java.base/java.util.ArrayList.forEach(ArrayList.java:1596)
... Removed 29 stack frames]]>
    </failure>
  </testcase> <!-- @BeforeMethod launchApplication -->
  <testcase classname="testComponents.BaseTest" name="@AfterMethod tearDown" time="0.002">
    <failure type="java.lang.NullPointerException" message="Cannot invoke &amp;quot;org.openqa.selenium.WebDriver.close()&amp;quot; because &amp;quot;this.driver&amp;quot; is null">
      <![CDATA[java.lang.NullPointerException: Cannot invoke "org.openqa.selenium.WebDriver.close()" because "this.driver" is null
at testComponents.BaseTest.tearDown(BaseTest.java:69)
at java.base/java.util.ArrayList.forEach(ArrayList.java:1596)
... Removed 30 stack frames]]>
    </failure>
  </testcase> <!-- @AfterMethod tearDown -->
  <testcase classname="testComponents.BaseTest" name="@BeforeMethod launchApplication" time="0.001">
    <failure type="java.io.FileNotFoundException" message="C:\eclipse-workspace\SeleniumFrameDesign\src\main\java\resources\GlobalData.properties (The system cannot find the path specified)">
      <![CDATA[java.io.FileNotFoundException: C:\eclipse-workspace\SeleniumFrameDesign\src\main\java\resources\GlobalData.properties (The system cannot find the path specified)
at java.base/java.io.FileInputStream.open0(Native Method)
at java.base/java.io.FileInputStream.open(FileInputStream.java:213)
at java.base/java.io.FileInputStream.<init>(FileInputStream.java:152)
at java.base/java.io.FileInputStream.<init>(FileInputStream.java:106)
at testComponents.BaseTest.initializeDriver(BaseTest.java:27)
at testComponents.BaseTest.launchApplication(BaseTest.java:60)
at java.base/java.util.ArrayList.forEach(ArrayList.java:1596)
... Removed 29 stack frames]]>
    </failure>
  </testcase> <!-- @BeforeMethod launchApplication -->
  <testcase classname="testComponents.BaseTest" name="@AfterMethod tearDown" time="0.002">
    <failure type="java.lang.NullPointerException" message="Cannot invoke &amp;quot;org.openqa.selenium.WebDriver.close()&amp;quot; because &amp;quot;this.driver&amp;quot; is null">
      <![CDATA[java.lang.NullPointerException: Cannot invoke "org.openqa.selenium.WebDriver.close()" because "this.driver" is null
at testComponents.BaseTest.tearDown(BaseTest.java:69)
at java.base/java.util.ArrayList.forEach(ArrayList.java:1596)
... Removed 30 stack frames]]>
    </failure>
  </testcase> <!-- @AfterMethod tearDown -->
  <testcase classname="haniehsadatiacademy.SeleniumFrameDesign.SubmitOrderUsedDataProvider" name="SubmitOrder" time="0.0">
    <skipped/>
  </testcase> <!-- SubmitOrder -->
  <testcase classname="haniehsadatiacademy.SeleniumFrameDesign.SubmitOrderUsedDataProvider" name="SubmitOrder" time="0.0">
    <skipped/>
  </testcase> <!-- SubmitOrder -->
  <testcase classname="haniehsadatiacademy.SeleniumFrameDesign.SubmitOrderTestCase" name="OrderHistoryTest" time="0.0">
    <ignored/>
  </testcase> <!-- OrderHistoryTest -->
  <testcase classname="haniehsadatiacademy.SeleniumFrameDesign.SubmitOrderTestCase" name="SubmitOrder" time="0.0">
    <ignored/>
  </testcase> <!-- SubmitOrder -->
  <testcase classname="haniehsadatiacademy.SeleniumFrameDesign.ErrorValidationsTest" name="LoginErrorValidation" time="0.0">
    <ignored/>
  </testcase> <!-- LoginErrorValidation -->
  <testcase classname="haniehsadatiacademy.SeleniumFrameDesign.ErrorValidationsTest" name="ProductErrorValidation" time="0.0">
    <ignored/>
  </testcase> <!-- ProductErrorValidation -->
</testsuite> <!-- Test -->
