<?xml version="1.0" encoding="UTF-8"?>
<!-- Generated by org.testng.reporters.JUnitXMLReporter -->
<testsuite ignored="1" hostname="sunflower" failures="1" tests="2" name="Error Validation Test" time="12.081" errors="0" timestamp="2024-12-30T12:23:39 EST">
  <testcase classname="haniehsadatiacademy.SeleniumFrameDesign.ErrorValidationsTest" name="LoginErrorValidation" time="0.69">
    <skipped/>
  </testcase> <!-- LoginErrorValidation -->
  <testcase classname="haniehsadatiacademy.SeleniumFrameDesign.ErrorValidationsTest" name="LoginErrorValidation" time="0.724">
    <failure type="java.lang.AssertionError" message="expected [Incorrect email or password.] but found [Incorrect email or password.,,,,]">
      <![CDATA[java.lang.AssertionError: expected [Incorrect email or password.] but found [Incorrect email or password.,,,,]
at haniehsadatiacademy.SeleniumFrameDesign.ErrorValidationsTest.LoginErrorValidation(ErrorValidationsTest.java:18)
at java.base/java.util.ArrayList.forEach(ArrayList.java:1596)
at java.base/java.util.concurrent.FutureTask.run(FutureTask.java:317)
at java.base/java.util.concurrent.ThreadPoolExecutor.runWorker(ThreadPoolExecutor.java:1144)
at java.base/java.util.concurrent.ThreadPoolExecutor$Worker.run(ThreadPoolExecutor.java:642)
at java.base/java.lang.Thread.run(Thread.java:1583)
... Removed 21 stack frames]]>
    </failure>
  </testcase> <!-- LoginErrorValidation -->
  <testcase classname="haniehsadatiacademy.SeleniumFrameDesign.ErrorValidationsTest" name="ProductErrorValidation" time="0.0">
    <ignored/>
  </testcase> <!-- ProductErrorValidation -->
</testsuite> <!-- Error Validation Test -->
