-------------------------------------------------------------------------------
Test set: TestSuite
-------------------------------------------------------------------------------
Tests run: 2, Failures: 1, Errors: 0, Skipped: 1, Time elapsed: 12.73 s <<< FAILURE! - in TestSuite
haniehsadatiacademy.SeleniumFrameDesign.ErrorValidationsTest.LoginErrorValidation  Time elapsed: 0.729 s  <<< FAILURE!
java.lang.AssertionError: expected [Incorrect email or password.] but found [Incorrect email or password.,,,,]
	at haniehsadatiacademy.SeleniumFrameDesign.ErrorValidationsTest.LoginErrorValidation(ErrorValidationsTest.java:18)

